2022-07-28 09:24:09,109 - dist_train_voc.py - INFO: 
args: Namespace(backend='nccl', config='configs/voc_attn_reg.yaml', crop_size=512, high_thre=0.55, local_rank=0, low_thre=0.35, pooling='gmp', radius=8, seg_detach=False, work_dir='work_dir_final')
2022-07-28 09:24:09,109 - dist_train_voc.py - INFO: 
configs: {'backbone': {'config': 'mit_b1', 'stride': [4, 2, 2, 1], 'comments': 'None'}, 'dataset': {'root_dir': 'VOC2012', 'name_list_dir': 'datasets/voc', 'num_classes': 21, 'crop_size': 512, 'resize_range': [512, 2048], 'rescale_range': [0.5, 2.0], 'ignore_index': 255}, 'work_dir': {'dir': 'work_dir_final', 'ckpt_dir': 'work_dir_final/checkpoints/2022-07-28-09-24', 'pred_dir': 'work_dir_final/predictions', 'segs_dir': 'segs', 'tb_logger_dir': 'work_dir_final/tb_logger/2022-07-28-09-24'}, 'train': {'split': 'train_aug', 'samples_per_gpu': 2, 'max_iters': 20000, 'cam_iters': 2000, 'eval_iters': 2000, 'log_iters': 200}, 'cam': {'bkg_score': 0.45, 'high_thre': 0.55, 'low_thre': 0.35, 'aff_thre': 0.4, 'scales': [1, 0.5, 1.5]}, 'val': {'split': 'val'}, 'optimizer': {'type': 'AdamW', 'learning_rate': 6e-05, 'betas': [0.9, 0.999], 'weight_decay': 0.01}, 'scheduler': {'warmup_iter': 1500, 'warmup_ratio': 1e-06, 'power': 1.0}}
2022-07-28 09:24:40,546 - dist_train_voc.py - INFO: 
Network config: 
WeTr(
  (encoder): mit_b1(
    (patch_embed1): OverlapPatchEmbed(
      (proj): Conv2d(3, 64, kernel_size=(7, 7), stride=(4, 4), padding=(3, 3))
      (norm): LayerNorm((64,), eps=1e-05, elementwise_affine=True)
    )
    (patch_embed2): OverlapPatchEmbed(
      (proj): Conv2d(64, 128, kernel_size=(3, 3), stride=(2, 2), padding=(1, 1))
      (norm): LayerNorm((128,), eps=1e-05, elementwise_affine=True)
    )
    (patch_embed3): OverlapPatchEmbed(
      (proj): Conv2d(128, 320, kernel_size=(3, 3), stride=(2, 2), padding=(1, 1))
      (norm): LayerNorm((320,), eps=1e-05, elementwise_affine=True)
    )
    (patch_embed4): OverlapPatchEmbed(
      (proj): Conv2d(320, 512, kernel_size=(3, 3), stride=(1, 1), padding=(1, 1))
      (norm): LayerNorm((512,), eps=1e-05, elementwise_affine=True)
    )
    (block1): ModuleList(
      (0): Block(
        (norm1): LayerNorm((64,), eps=1e-06, elementwise_affine=True)
        (attn): Attention(
          (q): Linear(in_features=64, out_features=64, bias=True)
          (kv): Linear(in_features=64, out_features=128, bias=True)
          (attn_drop): Dropout(p=0.0, inplace=False)
          (proj): Linear(in_features=64, out_features=64, bias=True)
          (proj_drop): Dropout(p=0.0, inplace=False)
          (sr): Conv2d(64, 64, kernel_size=(8, 8), stride=(8, 8))
          (norm): LayerNorm((64,), eps=1e-05, elementwise_affine=True)
        )
        (drop_path): Identity()
        (norm2): LayerNorm((64,), eps=1e-06, elementwise_affine=True)
        (mlp): Mlp(
          (fc1): Linear(in_features=64, out_features=256, bias=True)
          (dwconv): DWConv(
            (dwconv): Conv2d(256, 256, kernel_size=(3, 3), stride=(1, 1), padding=(1, 1), groups=256)
          )
          (act): GELU()
          (fc2): Linear(in_features=256, out_features=64, bias=True)
          (drop): Dropout(p=0.0, inplace=False)
        )
      )
      (1): Block(
        (norm1): LayerNorm((64,), eps=1e-06, elementwise_affine=True)
        (attn): Attention(
          (q): Linear(in_features=64, out_features=64, bias=True)
          (kv): Linear(in_features=64, out_features=128, bias=True)
          (attn_drop): Dropout(p=0.0, inplace=False)
          (proj): Linear(in_features=64, out_features=64, bias=True)
          (proj_drop): Dropout(p=0.0, inplace=False)
          (sr): Conv2d(64, 64, kernel_size=(8, 8), stride=(8, 8))
          (norm): LayerNorm((64,), eps=1e-05, elementwise_affine=True)
        )
        (drop_path): DropPath()
        (norm2): LayerNorm((64,), eps=1e-06, elementwise_affine=True)
        (mlp): Mlp(
          (fc1): Linear(in_features=64, out_features=256, bias=True)
          (dwconv): DWConv(
            (dwconv): Conv2d(256, 256, kernel_size=(3, 3), stride=(1, 1), padding=(1, 1), groups=256)
          )
          (act): GELU()
          (fc2): Linear(in_features=256, out_features=64, bias=True)
          (drop): Dropout(p=0.0, inplace=False)
        )
      )
    )
    (norm1): LayerNorm((64,), eps=1e-06, elementwise_affine=True)
    (block2): ModuleList(
      (0): Block(
        (norm1): LayerNorm((128,), eps=1e-06, elementwise_affine=True)
        (attn): Attention(
          (q): Linear(in_features=128, out_features=128, bias=True)
          (kv): Linear(in_features=128, out_features=256, bias=True)
          (attn_drop): Dropout(p=0.0, inplace=False)
          (proj): Linear(in_features=128, out_features=128, bias=True)
          (proj_drop): Dropout(p=0.0, inplace=False)
          (sr): Conv2d(128, 128, kernel_size=(4, 4), stride=(4, 4))
          (norm): LayerNorm((128,), eps=1e-05, elementwise_affine=True)
        )
        (drop_path): DropPath()
        (norm2): LayerNorm((128,), eps=1e-06, elementwise_affine=True)
        (mlp): Mlp(
          (fc1): Linear(in_features=128, out_features=512, bias=True)
          (dwconv): DWConv(
            (dwconv): Conv2d(512, 512, kernel_size=(3, 3), stride=(1, 1), padding=(1, 1), groups=512)
          )
          (act): GELU()
          (fc2): Linear(in_features=512, out_features=128, bias=True)
          (drop): Dropout(p=0.0, inplace=False)
        )
      )
      (1): Block(
        (norm1): LayerNorm((128,), eps=1e-06, elementwise_affine=True)
        (attn): Attention(
          (q): Linear(in_features=128, out_features=128, bias=True)
          (kv): Linear(in_features=128, out_features=256, bias=True)
          (attn_drop): Dropout(p=0.0, inplace=False)
          (proj): Linear(in_features=128, out_features=128, bias=True)
          (proj_drop): Dropout(p=0.0, inplace=False)
          (sr): Conv2d(128, 128, kernel_size=(4, 4), stride=(4, 4))
          (norm): LayerNorm((128,), eps=1e-05, elementwise_affine=True)
        )
        (drop_path): DropPath()
        (norm2): LayerNorm((128,), eps=1e-06, elementwise_affine=True)
        (mlp): Mlp(
          (fc1): Linear(in_features=128, out_features=512, bias=True)
          (dwconv): DWConv(
            (dwconv): Conv2d(512, 512, kernel_size=(3, 3), stride=(1, 1), padding=(1, 1), groups=512)
          )
          (act): GELU()
          (fc2): Linear(in_features=512, out_features=128, bias=True)
          (drop): Dropout(p=0.0, inplace=False)
        )
      )
    )
    (norm2): LayerNorm((128,), eps=1e-06, elementwise_affine=True)
    (block3): ModuleList(
      (0): Block(
        (norm1): LayerNorm((320,), eps=1e-06, elementwise_affine=True)
        (attn): Attention(
          (q): Linear(in_features=320, out_features=320, bias=True)
          (kv): Linear(in_features=320, out_features=640, bias=True)
          (attn_drop): Dropout(p=0.0, inplace=False)
          (proj): Linear(in_features=320, out_features=320, bias=True)
          (proj_drop): Dropout(p=0.0, inplace=False)
          (sr): Conv2d(320, 320, kernel_size=(2, 2), stride=(2, 2))
          (norm): LayerNorm((320,), eps=1e-05, elementwise_affine=True)
        )
        (drop_path): DropPath()
        (norm2): LayerNorm((320,), eps=1e-06, elementwise_affine=True)
        (mlp): Mlp(
          (fc1): Linear(in_features=320, out_features=1280, bias=True)
          (dwconv): DWConv(
            (dwconv): Conv2d(1280, 1280, kernel_size=(3, 3), stride=(1, 1), padding=(1, 1), groups=1280)
          )
          (act): GELU()
          (fc2): Linear(in_features=1280, out_features=320, bias=True)
          (drop): Dropout(p=0.0, inplace=False)
        )
      )
      (1): Block(
        (norm1): LayerNorm((320,), eps=1e-06, elementwise_affine=True)
        (attn): Attention(
          (q): Linear(in_features=320, out_features=320, bias=True)
          (kv): Linear(in_features=320, out_features=640, bias=True)
          (attn_drop): Dropout(p=0.0, inplace=False)
          (proj): Linear(in_features=320, out_features=320, bias=True)
          (proj_drop): Dropout(p=0.0, inplace=False)
          (sr): Conv2d(320, 320, kernel_size=(2, 2), stride=(2, 2))
          (norm): LayerNorm((320,), eps=1e-05, elementwise_affine=True)
        )
        (drop_path): DropPath()
        (norm2): LayerNorm((320,), eps=1e-06, elementwise_affine=True)
        (mlp): Mlp(
          (fc1): Linear(in_features=320, out_features=1280, bias=True)
          (dwconv): DWConv(
            (dwconv): Conv2d(1280, 1280, kernel_size=(3, 3), stride=(1, 1), padding=(1, 1), groups=1280)
          )
          (act): GELU()
          (fc2): Linear(in_features=1280, out_features=320, bias=True)
          (drop): Dropout(p=0.0, inplace=False)
        )
      )
    )
    (norm3): LayerNorm((320,), eps=1e-06, elementwise_affine=True)
    (block4): ModuleList(
      (0): Block(
        (norm1): LayerNorm((512,), eps=1e-06, elementwise_affine=True)
        (attn): Attention(
          (q): Linear(in_features=512, out_features=512, bias=True)
          (kv): Linear(in_features=512, out_features=1024, bias=True)
          (attn_drop): Dropout(p=0.0, inplace=False)
          (proj): Linear(in_features=512, out_features=512, bias=True)
          (proj_drop): Dropout(p=0.0, inplace=False)
        )
        (drop_path): DropPath()
        (norm2): LayerNorm((512,), eps=1e-06, elementwise_affine=True)
        (mlp): Mlp(
          (fc1): Linear(in_features=512, out_features=2048, bias=True)
          (dwconv): DWConv(
            (dwconv): Conv2d(2048, 2048, kernel_size=(3, 3), stride=(1, 1), padding=(1, 1), groups=2048)
          )
          (act): GELU()
          (fc2): Linear(in_features=2048, out_features=512, bias=True)
          (drop): Dropout(p=0.0, inplace=False)
        )
      )
      (1): Block(
        (norm1): LayerNorm((512,), eps=1e-06, elementwise_affine=True)
        (attn): Attention(
          (q): Linear(in_features=512, out_features=512, bias=True)
          (kv): Linear(in_features=512, out_features=1024, bias=True)
          (attn_drop): Dropout(p=0.0, inplace=False)
          (proj): Linear(in_features=512, out_features=512, bias=True)
          (proj_drop): Dropout(p=0.0, inplace=False)
        )
        (drop_path): DropPath()
        (norm2): LayerNorm((512,), eps=1e-06, elementwise_affine=True)
        (mlp): Mlp(
          (fc1): Linear(in_features=512, out_features=2048, bias=True)
          (dwconv): DWConv(
            (dwconv): Conv2d(2048, 2048, kernel_size=(3, 3), stride=(1, 1), padding=(1, 1), groups=2048)
          )
          (act): GELU()
          (fc2): Linear(in_features=2048, out_features=512, bias=True)
          (drop): Dropout(p=0.0, inplace=False)
        )
      )
    )
    (norm4): LayerNorm((512,), eps=1e-06, elementwise_affine=True)
  )
  (dropout): Dropout2d(p=0.5, inplace=False)
  (decoder): SegFormerHead(
    (linear_c4): MLP(
      (proj): Linear(in_features=512, out_features=256, bias=True)
    )
    (linear_c3): MLP(
      (proj): Linear(in_features=320, out_features=256, bias=True)
    )
    (linear_c2): MLP(
      (proj): Linear(in_features=128, out_features=256, bias=True)
    )
    (linear_c1): MLP(
      (proj): Linear(in_features=64, out_features=256, bias=True)
    )
    (dropout): Dropout2d(p=0.1, inplace=False)
    (linear_fuse): ConvModule(
      (conv): Conv2d(1024, 256, kernel_size=(1, 1), stride=(1, 1), bias=False)
      (bn): SyncBatchNorm(256, eps=1e-05, momentum=0.1, affine=True, track_running_stats=True)
      (activate): ReLU(inplace=True)
    )
    (linear_pred): Conv2d(256, 21, kernel_size=(1, 1), stride=(1, 1))
  )
  (attn_proj): Conv2d(16, 1, kernel_size=(1, 1), stride=(1, 1))
  (classifier): Conv2d(512, 20, kernel_size=(1, 1), stride=(1, 1), bias=False)
)
2022-07-28 09:24:40,925 - dist_train_voc.py - INFO: 
Optimizer: 
PolyWarmupAdamW (
Parameter Group 0
    amsgrad: False
    betas: [0.9, 0.999]
    eps: 1e-08
    lr: 6e-05
    weight_decay: 0.01

Parameter Group 1
    amsgrad: False
    betas: [0.9, 0.999]
    eps: 1e-08
    lr: 0.0
    weight_decay: 0.0

Parameter Group 2
    amsgrad: False
    betas: [0.9, 0.999]
    eps: 1e-08
    lr: 0.0006000000000000001
    weight_decay: 0.01

Parameter Group 3
    amsgrad: False
    betas: [0.9, 0.999]
    eps: 1e-08
    lr: 0.0006000000000000001
    weight_decay: 0.01
)
2022-07-28 09:27:42,549 - dist_train_voc.py - INFO: Iter: 200; Elasped: 0:03:02; ETA: 5:00:18; LR: 7.960e-06; cls_loss: 0.5385, aff_loss: 0.5096, pseudo_seg_loss 3.0762, pseudo_seg_mAcc: 0.0077
2022-07-28 09:30:54,193 - dist_train_voc.py - INFO: Iter: 400; Elasped: 0:06:14; ETA: 5:05:26; LR: 1.596e-05; cls_loss: 0.2311, aff_loss: 0.5064, pseudo_seg_loss 3.0619, pseudo_seg_mAcc: 0.0185
2022-07-28 09:34:04,212 - dist_train_voc.py - INFO: Iter: 600; Elasped: 0:09:24; ETA: 5:03:56; LR: 2.396e-05; cls_loss: 0.1761, aff_loss: 0.5059, pseudo_seg_loss 3.1412, pseudo_seg_mAcc: 0.0055
2022-07-28 09:37:14,632 - dist_train_voc.py - INFO: Iter: 800; Elasped: 0:12:34; ETA: 5:01:36; LR: 3.196e-05; cls_loss: 0.1411, aff_loss: 0.4947, pseudo_seg_loss 3.1233, pseudo_seg_mAcc: 0.0003
2022-07-28 09:40:22,899 - dist_train_voc.py - INFO: Iter: 1000; Elasped: 0:15:42; ETA: 4:58:18; LR: 3.996e-05; cls_loss: 0.1143, aff_loss: 0.4803, pseudo_seg_loss 3.1207, pseudo_seg_mAcc: 0.0144
2022-07-28 09:43:34,430 - dist_train_voc.py - INFO: Iter: 1200; Elasped: 0:18:54; ETA: 4:56:06; LR: 4.796e-05; cls_loss: 0.1025, aff_loss: 0.4855, pseudo_seg_loss 3.1539, pseudo_seg_mAcc: 0.0116
2022-07-28 09:46:43,189 - dist_train_voc.py - INFO: Iter: 1400; Elasped: 0:22:03; ETA: 4:52:57; LR: 5.596e-05; cls_loss: 0.0978, aff_loss: 0.4903, pseudo_seg_loss 3.1402, pseudo_seg_mAcc: 0.0602
2022-07-28 09:49:51,272 - dist_train_voc.py - INFO: Iter: 1600; Elasped: 0:25:11; ETA: 4:49:36; LR: 5.520e-05; cls_loss: 0.0955, aff_loss: 0.4918, pseudo_seg_loss 3.1422, pseudo_seg_mAcc: 0.0422
2022-07-28 09:53:02,596 - dist_train_voc.py - INFO: Iter: 1800; Elasped: 0:28:22; ETA: 4:46:49; LR: 5.460e-05; cls_loss: 0.0895, aff_loss: 0.4888, pseudo_seg_loss 3.1334, pseudo_seg_mAcc: 0.0374
2022-07-28 09:56:14,623 - dist_train_voc.py - INFO: Iter: 2000; Elasped: 0:31:34; ETA: 4:44:06; LR: 5.400e-05; cls_loss: 0.0936, aff_loss: 0.4908, pseudo_seg_loss 3.1674, pseudo_seg_mAcc: 0.0903
2022-07-28 09:56:26,248 - dist_train_voc.py - INFO: Validating...
2022-07-28 10:00:40,931 - dist_train_voc.py - INFO: val cls score: 0.848397
2022-07-28 10:00:40,931 - dist_train_voc.py - INFO: cams score:
2022-07-28 10:00:40,932 - dist_train_voc.py - INFO: {'pAcc': 0.7998567722235906, 'mAcc': 0.6701964385462968, 'miou': 0.45369997048891325, 'iou': {0: 0.769874453353751, 1: 0.5281244940382586, 2: 0.2979037952834832, 3: 0.395325025868412, 4: 0.32199176604479285, 5: 0.33248510713837726, 6: 0.5190255498795247, 7: 0.519825226258564, 8: 0.6142382256144949, 9: 0.1657067101425016, 10: 0.559975481876691, 11: 0.3343118215966075, 12: 0.5372288073912443, 13: 0.5287344451762028, 14: 0.5576674495886548, 15: 0.4623877035132253, 16: 0.3149333365596341, 17: 0.5519248640293369, 18: 0.37947338053057733, 19: 0.5433327745822928, 20: 0.2932289618005513}}
2022-07-28 10:00:40,932 - dist_train_voc.py - INFO: aff cams score:
2022-07-28 10:00:40,932 - dist_train_voc.py - INFO: {'pAcc': 0.6702753753746776, 'mAcc': 0.49455486803715476, 'miou': 0.26584506739606284, 'iou': {0: 0.6337710138555688, 1: 0.2056643757077435, 2: 0.11050392236928107, 3: 0.25234552247029196, 4: 0.24140378702820087, 5: 0.0646316988262504, 6: 0.48016431998846093, 7: 0.3869710848016965, 8: 0.3758423425671214, 9: 0.09577104741033006, 10: 0.2779823603248436, 11: 0.09969566173256385, 12: 0.44488032649356773, 13: 0.26425069150498237, 14: 0.32009800101061026, 15: 0.2751602583458746, 16: 0.16638562797945697, 17: 0.2361721705792123, 18: 0.030767457161322627, 19: 0.3992169739833291, 20: 0.22106777117661078}}
2022-07-28 10:00:40,932 - dist_train_voc.py - INFO: segs score:
2022-07-28 10:00:40,932 - dist_train_voc.py - INFO: {'pAcc': 0.04274364548686253, 'mAcc': 0.038188233181459946, 'miou': 0.00770954828652434, 'iou': {0: 0.0448378405477594, 1: 0.0011772279597808157, 2: 0.001171515795144576, 3: 0.021250952893796003, 4: 0.0010584903075046435, 5: 0.00014211207977798935, 6: 0.002970474558199684, 7: 0.0005080368331617358, 8: 0.0073679499634331375, 9: 0.0036028222958837727, 10: 0.011814123170835024, 11: 7.817371277236126e-05, 12: 0.00750646205848518, 13: 0.00038494687513504147, 14: 0.026177438762582758, 15: 0.00055949650977859, 16: 0.011288546170626745, 17: 0.00012007287989811455, 18: 0.012125634199587666, 19: 0.004628274110944183, 20: 0.003129922331923694}}
2022-07-28 10:03:41,926 - dist_train_voc.py - INFO: Iter: 2200; Elasped: 0:39:01; ETA: 5:15:40; LR: 5.340e-05; cls_loss: 0.0866, aff_loss: 0.4883, pseudo_seg_loss 0.5939, pseudo_seg_mAcc: 0.6112
2022-07-28 10:06:51,400 - dist_train_voc.py - INFO: Iter: 2400; Elasped: 0:42:11; ETA: 5:09:20; LR: 5.280e-05; cls_loss: 0.0863, aff_loss: 0.4467, pseudo_seg_loss 0.3493, pseudo_seg_mAcc: 0.3594
2022-07-28 10:09:58,726 - dist_train_voc.py - INFO: Iter: 2600; Elasped: 0:45:18; ETA: 5:03:09; LR: 5.220e-05; cls_loss: 0.0825, aff_loss: 0.1798, pseudo_seg_loss 0.3413, pseudo_seg_mAcc: 0.5746
2022-07-28 10:13:08,974 - dist_train_voc.py - INFO: Iter: 2800; Elasped: 0:48:28; ETA: 4:57:43; LR: 5.160e-05; cls_loss: 0.0820, aff_loss: 0.1576, pseudo_seg_loss 0.3135, pseudo_seg_mAcc: 0.4032
2022-07-28 10:16:16,344 - dist_train_voc.py - INFO: Iter: 3000; Elasped: 0:51:36; ETA: 4:52:24; LR: 5.100e-05; cls_loss: 0.0719, aff_loss: 0.1376, pseudo_seg_loss 0.3093, pseudo_seg_mAcc: 0.9113
2022-07-28 10:19:26,233 - dist_train_voc.py - INFO: Iter: 3200; Elasped: 0:54:46; ETA: 4:47:31; LR: 5.040e-05; cls_loss: 0.0744, aff_loss: 0.1314, pseudo_seg_loss 0.2878, pseudo_seg_mAcc: 0.5610
2022-07-28 10:22:32,100 - dist_train_voc.py - INFO: Iter: 3400; Elasped: 0:57:52; ETA: 4:42:31; LR: 4.980e-05; cls_loss: 0.0760, aff_loss: 0.1228, pseudo_seg_loss 0.2973, pseudo_seg_mAcc: 0.3955
2022-07-28 10:25:38,324 - dist_train_voc.py - INFO: Iter: 3600; Elasped: 1:00:58; ETA: 4:37:44; LR: 4.920e-05; cls_loss: 0.0758, aff_loss: 0.1246, pseudo_seg_loss 0.2489, pseudo_seg_mAcc: 0.4777
2022-07-28 10:28:47,447 - dist_train_voc.py - INFO: Iter: 3800; Elasped: 1:04:07; ETA: 4:33:20; LR: 4.860e-05; cls_loss: 0.0774, aff_loss: 0.1183, pseudo_seg_loss 0.2526, pseudo_seg_mAcc: 0.5031
2022-07-28 10:31:57,110 - dist_train_voc.py - INFO: Iter: 4000; Elasped: 1:07:17; ETA: 4:29:08; LR: 4.800e-05; cls_loss: 0.0715, aff_loss: 0.1203, pseudo_seg_loss 0.2590, pseudo_seg_mAcc: 0.6725
2022-07-28 10:32:06,227 - dist_train_voc.py - INFO: Validating...
2022-07-28 10:36:20,755 - dist_train_voc.py - INFO: val cls score: 0.877027
2022-07-28 10:36:20,756 - dist_train_voc.py - INFO: cams score:
2022-07-28 10:36:20,756 - dist_train_voc.py - INFO: {'pAcc': 0.870133647066245, 'mAcc': 0.6864559119137633, 'miou': 0.5632637885250052, 'iou': {0: 0.8505762086547578, 1: 0.6787128313133959, 2: 0.33274603174603173, 3: 0.6138567739446705, 4: 0.5042792983645453, 5: 0.4967592613902892, 6: 0.5731198683801685, 7: 0.5131803571078576, 8: 0.7804887529047567, 9: 0.23716765059915654, 10: 0.6675243692798836, 11: 0.3408622238962259, 12: 0.7140532989821167, 13: 0.6836159750502009, 14: 0.5865742580134681, 15: 0.6123989117410578, 16: 0.48822222920960334, 17: 0.6606195456601014, 18: 0.44346993112173455, 19: 0.6630710439578797, 20: 0.38724073770720907}}
2022-07-28 10:36:20,757 - dist_train_voc.py - INFO: aff cams score:
2022-07-28 10:36:20,757 - dist_train_voc.py - INFO: {'pAcc': 0.886275926192315, 'mAcc': 0.7202939667990294, 'miou': 0.6022103079293384, 'iou': {0: 0.8698180691444835, 1: 0.7099419008100941, 2: 0.3331443594061772, 3: 0.6851700256088777, 4: 0.5905111966656168, 5: 0.490206904463988, 6: 0.661864204427455, 7: 0.555751273756282, 8: 0.811443717715315, 9: 0.24423872717298162, 10: 0.7579932312276815, 11: 0.4229453970675596, 12: 0.7468377343164019, 13: 0.7522978050052599, 14: 0.6253679047891405, 15: 0.6657592243091467, 16: 0.4519513680178884, 17: 0.7140747706932392, 18: 0.5111051272981996, 19: 0.7016411003400853, 20: 0.34435242428023394}}
2022-07-28 10:36:20,757 - dist_train_voc.py - INFO: segs score:
2022-07-28 10:36:20,757 - dist_train_voc.py - INFO: {'pAcc': 0.8721513747877453, 'mAcc': 0.6756199224082893, 'miou': 0.5561203123939175, 'iou': {0: 0.8599513545469646, 1: 0.739418995091301, 2: 0.3503889469671723, 3: 0.698668440928068, 4: 0.5227283112406912, 5: 0.5824120045568064, 6: 0.6392584977882393, 7: 0.54008828745392, 8: 0.7749404870656363, 9: 0.16171860930753693, 10: 0.5769013200357481, 11: 0.24089802652600023, 12: 0.6926835215671864, 13: 0.6547352902581816, 14: 0.6007850807754527, 15: 0.6565570229323697, 16: 0.45304566472923297, 17: 0.6398081389944849, 18: 0.3097583533324282, 19: 0.6493279853724024, 20: 0.3344522208024423}}
2022-07-28 10:39:19,679 - dist_train_voc.py - INFO: Iter: 4200; Elasped: 1:14:39; ETA: 4:40:49; LR: 4.740e-05; cls_loss: 0.0692, aff_loss: 0.1146, pseudo_seg_loss 0.2625, pseudo_seg_mAcc: 0.5706
2022-07-28 10:42:27,594 - dist_train_voc.py - INFO: Iter: 4400; Elasped: 1:17:47; ETA: 4:35:46; LR: 4.680e-05; cls_loss: 0.0676, aff_loss: 0.1130, pseudo_seg_loss 0.2464, pseudo_seg_mAcc: 0.6242
2022-07-28 10:45:35,207 - dist_train_voc.py - INFO: Iter: 4600; Elasped: 1:20:55; ETA: 4:30:53; LR: 4.620e-05; cls_loss: 0.0682, aff_loss: 0.1102, pseudo_seg_loss 0.2681, pseudo_seg_mAcc: 0.3210
2022-07-28 10:48:42,077 - dist_train_voc.py - INFO: Iter: 4800; Elasped: 1:24:02; ETA: 4:26:06; LR: 4.560e-05; cls_loss: 0.0645, aff_loss: 0.1054, pseudo_seg_loss 0.2177, pseudo_seg_mAcc: 0.4267
2022-07-28 10:51:48,426 - dist_train_voc.py - INFO: Iter: 5000; Elasped: 1:27:08; ETA: 4:21:24; LR: 4.500e-05; cls_loss: 0.0635, aff_loss: 0.1051, pseudo_seg_loss 0.2335, pseudo_seg_mAcc: 0.7744
2022-07-28 10:54:58,254 - dist_train_voc.py - INFO: Iter: 5200; Elasped: 1:30:18; ETA: 4:17:00; LR: 4.440e-05; cls_loss: 0.0609, aff_loss: 0.1050, pseudo_seg_loss 0.2029, pseudo_seg_mAcc: 0.6964
2022-07-28 10:58:08,916 - dist_train_voc.py - INFO: Iter: 5400; Elasped: 1:33:28; ETA: 4:12:42; LR: 4.380e-05; cls_loss: 0.0605, aff_loss: 0.1087, pseudo_seg_loss 0.2264, pseudo_seg_mAcc: 0.3315
2022-07-28 11:01:15,271 - dist_train_voc.py - INFO: Iter: 5600; Elasped: 1:36:35; ETA: 4:08:21; LR: 4.320e-05; cls_loss: 0.0550, aff_loss: 0.1109, pseudo_seg_loss 0.2040, pseudo_seg_mAcc: 0.3363
2022-07-28 11:04:21,283 - dist_train_voc.py - INFO: Iter: 5800; Elasped: 1:39:41; ETA: 4:04:03; LR: 4.260e-05; cls_loss: 0.0659, aff_loss: 0.1037, pseudo_seg_loss 0.1945, pseudo_seg_mAcc: 0.4066
2022-07-28 11:07:28,974 - dist_train_voc.py - INFO: Iter: 6000; Elasped: 1:42:49; ETA: 3:59:54; LR: 4.200e-05; cls_loss: 0.0646, aff_loss: 0.1035, pseudo_seg_loss 0.2108, pseudo_seg_mAcc: 0.6741
2022-07-28 11:07:40,076 - dist_train_voc.py - INFO: Validating...
2022-07-28 11:11:54,362 - dist_train_voc.py - INFO: val cls score: 0.893762
2022-07-28 11:11:54,363 - dist_train_voc.py - INFO: cams score:
2022-07-28 11:11:54,363 - dist_train_voc.py - INFO: {'pAcc': 0.882104853017898, 'mAcc': 0.7416550345157107, 'miou': 0.6014782696733139, 'iou': {0: 0.8614166036625592, 1: 0.6855764304375257, 2: 0.3322674358731971, 3: 0.6381609640286278, 4: 0.49961363898348465, 5: 0.5547192796538423, 6: 0.6893690364425535, 7: 0.5407865014127954, 8: 0.7854396394187996, 9: 0.3006608711908768, 10: 0.7587417089895065, 11: 0.4164581643793866, 12: 0.7527289854606475, 13: 0.7315890489997062, 14: 0.6358411813739165, 15: 0.6412661712090926, 16: 0.48440484834008696, 17: 0.7434526084420299, 18: 0.4478019083504283, 19: 0.6660028327946181, 20: 0.4647458036959097}}
2022-07-28 11:11:54,363 - dist_train_voc.py - INFO: aff cams score:
2022-07-28 11:11:54,363 - dist_train_voc.py - INFO: {'pAcc': 0.8952459175871574, 'mAcc': 0.7756722852672724, 'miou': 0.6354555856486422, 'iou': {0: 0.8778766067696618, 1: 0.6994966450354907, 2: 0.3296463815133, 3: 0.7062182109613582, 4: 0.5993823412235029, 5: 0.5613434564649283, 6: 0.746820348320146, 7: 0.5636252032450815, 8: 0.8042417395435522, 9: 0.3022711906918156, 10: 0.8028784494606055, 11: 0.5152943686373826, 12: 0.7768127604089391, 13: 0.7770453194963987, 14: 0.6612688870697621, 15: 0.6833240009703823, 16: 0.4658822982845329, 17: 0.7986484307696418, 18: 0.5506064964797722, 19: 0.7050212850705768, 20: 0.4168628782046546}}
2022-07-28 11:11:54,363 - dist_train_voc.py - INFO: segs score:
2022-07-28 11:11:54,363 - dist_train_voc.py - INFO: {'pAcc': 0.8793282401431612, 'mAcc': 0.7740852701839422, 'miou': 0.6022017421100083, 'iou': {0: 0.8641181399976023, 1: 0.7221637457899073, 2: 0.33322882079011484, 3: 0.7083123338822583, 4: 0.5154007794771601, 5: 0.6298134869563441, 6: 0.7531966849726234, 7: 0.5875472167665214, 8: 0.7881768953864432, 9: 0.1933565416947085, 10: 0.7223591152043513, 11: 0.40954352042508957, 12: 0.7822884498269909, 13: 0.7097200217881877, 14: 0.6688589349545713, 15: 0.6773362432016734, 16: 0.4789884567068296, 17: 0.7198889940736322, 18: 0.3604994276865069, 19: 0.6372283535065074, 20: 0.38421042122214927}}
2022-07-28 11:14:53,815 - dist_train_voc.py - INFO: Iter: 6200; Elasped: 1:50:13; ETA: 4:05:19; LR: 4.140e-05; cls_loss: 0.0639, aff_loss: 0.1022, pseudo_seg_loss 0.2220, pseudo_seg_mAcc: 0.7375
2022-07-28 11:18:03,495 - dist_train_voc.py - INFO: Iter: 6400; Elasped: 1:53:23; ETA: 4:00:56; LR: 4.080e-05; cls_loss: 0.0622, aff_loss: 0.0960, pseudo_seg_loss 0.2051, pseudo_seg_mAcc: 0.7208
2022-07-28 11:21:11,239 - dist_train_voc.py - INFO: Iter: 6600; Elasped: 1:56:31; ETA: 3:56:33; LR: 4.020e-05; cls_loss: 0.0674, aff_loss: 0.1038, pseudo_seg_loss 0.1701, pseudo_seg_mAcc: 0.5167
2022-07-28 11:24:20,701 - dist_train_voc.py - INFO: Iter: 6800; Elasped: 1:59:40; ETA: 3:52:17; LR: 3.960e-05; cls_loss: 0.0614, aff_loss: 0.0962, pseudo_seg_loss 0.1723, pseudo_seg_mAcc: 0.9009
2022-07-28 11:27:31,063 - dist_train_voc.py - INFO: Iter: 7000; Elasped: 2:02:51; ETA: 3:48:09; LR: 3.900e-05; cls_loss: 0.0545, aff_loss: 0.0946, pseudo_seg_loss 0.1810, pseudo_seg_mAcc: 0.4659
2022-07-28 11:30:39,828 - dist_train_voc.py - INFO: Iter: 7200; Elasped: 2:05:59; ETA: 3:43:58; LR: 3.840e-05; cls_loss: 0.0567, aff_loss: 0.0936, pseudo_seg_loss 0.1510, pseudo_seg_mAcc: 0.6391
2022-07-28 11:33:48,507 - dist_train_voc.py - INFO: Iter: 7400; Elasped: 2:09:08; ETA: 3:39:52; LR: 3.780e-05; cls_loss: 0.0630, aff_loss: 0.0967, pseudo_seg_loss 0.1793, pseudo_seg_mAcc: 0.5683
2022-07-28 11:36:55,194 - dist_train_voc.py - INFO: Iter: 7600; Elasped: 2:12:15; ETA: 3:35:46; LR: 3.720e-05; cls_loss: 0.0616, aff_loss: 0.0978, pseudo_seg_loss 0.1967, pseudo_seg_mAcc: 0.7621
2022-07-28 11:40:05,347 - dist_train_voc.py - INFO: Iter: 7800; Elasped: 2:15:25; ETA: 3:31:48; LR: 3.660e-05; cls_loss: 0.0504, aff_loss: 0.0903, pseudo_seg_loss 0.1887, pseudo_seg_mAcc: 0.4657
2022-07-28 11:43:12,832 - dist_train_voc.py - INFO: Iter: 8000; Elasped: 2:18:32; ETA: 3:27:48; LR: 3.600e-05; cls_loss: 0.0565, aff_loss: 0.0922, pseudo_seg_loss 0.1789, pseudo_seg_mAcc: 0.5469
2022-07-28 11:43:22,070 - dist_train_voc.py - INFO: Validating...
2022-07-28 11:47:36,037 - dist_train_voc.py - INFO: val cls score: 0.892562
2022-07-28 11:47:36,038 - dist_train_voc.py - INFO: cams score:
2022-07-28 11:47:36,038 - dist_train_voc.py - INFO: {'pAcc': 0.8817789555770239, 'mAcc': 0.6932782542389389, 'miou': 0.5832388828359275, 'iou': {0: 0.8622485494599141, 1: 0.6829830277808092, 2: 0.3329395589924664, 3: 0.6425084489714794, 4: 0.5281315937090002, 5: 0.4851935812475063, 6: 0.5733143445941302, 7: 0.4952518764141394, 8: 0.7825884482505836, 9: 0.28398998069195847, 10: 0.7143497444839623, 11: 0.36671457091608733, 12: 0.7629270199955077, 13: 0.6654014185663994, 14: 0.6019391599086394, 15: 0.6557470562467927, 16: 0.4643951534203877, 17: 0.7544517506735906, 18: 0.4594921643280768, 19: 0.6977671068323942, 20: 0.43568198407065056}}
2022-07-28 11:47:36,038 - dist_train_voc.py - INFO: aff cams score:
2022-07-28 11:47:36,038 - dist_train_voc.py - INFO: {'pAcc': 0.8921618606914458, 'mAcc': 0.7145531684924765, 'miou': 0.6082141224410932, 'iou': {0: 0.8746876390230461, 1: 0.6891971205604371, 2: 0.3363915753290563, 3: 0.6850196618848908, 4: 0.5696733233436058, 5: 0.46416851739941767, 6: 0.6289057385421777, 7: 0.49806611271648993, 8: 0.8020592089260634, 9: 0.29592659435843965, 10: 0.7597521147595633, 11: 0.47117146636569945, 12: 0.7852998273902366, 13: 0.6977057678179515, 14: 0.6191839421625245, 15: 0.6899581677358936, 16: 0.4467916365435973, 17: 0.8039605498706233, 18: 0.5605869915672771, 19: 0.7024332924431909, 20: 0.39155732252277575}}
2022-07-28 11:47:36,038 - dist_train_voc.py - INFO: segs score:
2022-07-28 11:47:36,038 - dist_train_voc.py - INFO: {'pAcc': 0.8891920565585927, 'mAcc': 0.6666082527000363, 'miou': 0.5766048802708981, 'iou': {0: 0.8769323650384454, 1: 0.7541533999033124, 2: 0.3498652633738109, 3: 0.6947262239704861, 4: 0.5216617540019719, 5: 0.42766613674474757, 6: 0.6450077274002607, 7: 0.48178553589441164, 8: 0.8032617178997152, 9: 0.2120759097538641, 10: 0.6963900621785841, 11: 0.3693749016416326, 12: 0.7659358146302598, 13: 0.6633814270065235, 14: 0.5713275938724103, 15: 0.6786605538858045, 16: 0.45883756718040075, 17: 0.7442836499828059, 18: 0.34451675357339456, 19: 0.6931965599050492, 20: 0.3556615678509677}}
2022-07-28 11:50:33,602 - dist_train_voc.py - INFO: Iter: 8200; Elasped: 2:25:53; ETA: 3:29:55; LR: 3.540e-05; cls_loss: 0.0486, aff_loss: 0.0926, pseudo_seg_loss 0.1491, pseudo_seg_mAcc: 0.5209
2022-07-28 11:53:40,820 - dist_train_voc.py - INFO: Iter: 8400; Elasped: 2:29:00; ETA: 3:25:45; LR: 3.480e-05; cls_loss: 0.0511, aff_loss: 0.1035, pseudo_seg_loss 0.1875, pseudo_seg_mAcc: 0.8097
2022-07-28 11:56:51,123 - dist_train_voc.py - INFO: Iter: 8600; Elasped: 2:32:11; ETA: 3:21:43; LR: 3.420e-05; cls_loss: 0.0471, aff_loss: 0.0907, pseudo_seg_loss 0.1536, pseudo_seg_mAcc: 0.4661
2022-07-28 11:59:59,450 - dist_train_voc.py - INFO: Iter: 8800; Elasped: 2:35:19; ETA: 3:17:40; LR: 3.360e-05; cls_loss: 0.0440, aff_loss: 0.0899, pseudo_seg_loss 0.1418, pseudo_seg_mAcc: 0.6320
2022-07-28 12:03:08,002 - dist_train_voc.py - INFO: Iter: 9000; Elasped: 2:38:28; ETA: 3:13:40; LR: 3.300e-05; cls_loss: 0.0475, aff_loss: 0.1008, pseudo_seg_loss 0.1761, pseudo_seg_mAcc: 0.8574
2022-07-28 12:06:18,432 - dist_train_voc.py - INFO: Iter: 9200; Elasped: 2:41:38; ETA: 3:09:44; LR: 3.240e-05; cls_loss: 0.0537, aff_loss: 0.0912, pseudo_seg_loss 0.1591, pseudo_seg_mAcc: 0.7913
2022-07-28 12:09:32,631 - dist_train_voc.py - INFO: Iter: 9400; Elasped: 2:44:52; ETA: 3:05:54; LR: 3.180e-05; cls_loss: 0.0549, aff_loss: 0.0987, pseudo_seg_loss 0.1796, pseudo_seg_mAcc: 0.2407
2022-07-28 12:12:37,130 - dist_train_voc.py - INFO: Iter: 9600; Elasped: 2:47:56; ETA: 3:01:55; LR: 3.120e-05; cls_loss: 0.0567, aff_loss: 0.0913, pseudo_seg_loss 0.1516, pseudo_seg_mAcc: 0.7966
2022-07-28 12:15:44,736 - dist_train_voc.py - INFO: Iter: 9800; Elasped: 2:51:04; ETA: 2:58:02; LR: 3.060e-05; cls_loss: 0.0459, aff_loss: 0.0927, pseudo_seg_loss 0.1549, pseudo_seg_mAcc: 0.4703
2022-07-28 12:18:50,258 - dist_train_voc.py - INFO: Iter: 10000; Elasped: 2:54:10; ETA: 2:54:10; LR: 3.000e-05; cls_loss: 0.0430, aff_loss: 0.0883, pseudo_seg_loss 0.1595, pseudo_seg_mAcc: 0.7615
2022-07-28 12:19:00,886 - dist_train_voc.py - INFO: Validating...
2022-07-28 12:23:17,035 - dist_train_voc.py - INFO: val cls score: 0.907654
2022-07-28 12:23:17,036 - dist_train_voc.py - INFO: cams score:
2022-07-28 12:23:17,036 - dist_train_voc.py - INFO: {'pAcc': 0.8883944923185486, 'mAcc': 0.706423249770992, 'miou': 0.6010131005285898, 'iou': {0: 0.8694823374072256, 1: 0.7047209801462613, 2: 0.33384912959381047, 3: 0.6783803698553563, 4: 0.5530317189287142, 5: 0.5311217925152563, 6: 0.6492710866915661, 7: 0.5533466849372826, 8: 0.7991689793843082, 9: 0.3155375255445711, 10: 0.684646600063946, 11: 0.3634621782057347, 12: 0.7337645692639317, 13: 0.7339152377428477, 14: 0.6455954832770286, 15: 0.6644000404609005, 16: 0.48647672208113196, 17: 0.7584717229277003, 18: 0.4723118206422201, 19: 0.6737331232939181, 20: 0.4165870081366726}}
2022-07-28 12:23:17,037 - dist_train_voc.py - INFO: aff cams score:
2022-07-28 12:23:17,037 - dist_train_voc.py - INFO: {'pAcc': 0.8955292157635066, 'mAcc': 0.7272590324996455, 'miou': 0.6197644417914919, 'iou': {0: 0.8787671558625814, 1: 0.6982263140459364, 2: 0.33373424028226845, 3: 0.6954420561538809, 4: 0.5919125790652457, 5: 0.5085279282734356, 6: 0.7051044987889982, 7: 0.5695125531571835, 8: 0.7979151593712022, 9: 0.3243497929079375, 10: 0.7357501186516434, 11: 0.4525696169612318, 12: 0.7603247108502358, 13: 0.7601408272898011, 14: 0.6597541594099084, 15: 0.6851737986888158, 16: 0.48140447625473, 17: 0.7812604646398588, 18: 0.5593165473197276, 19: 0.6738140566782348, 20: 0.3620522229684731}}
2022-07-28 12:23:17,037 - dist_train_voc.py - INFO: segs score:
2022-07-28 12:23:17,037 - dist_train_voc.py - INFO: {'pAcc': 0.8904140821244645, 'mAcc': 0.6682694488748003, 'miou': 0.5771578014358207, 'iou': {0: 0.8781534593493998, 1: 0.7410169571863632, 2: 0.3294685931410518, 3: 0.7183986111809014, 4: 0.5337807410617438, 5: 0.4436551778282228, 6: 0.6952617953020062, 7: 0.5434816243314446, 8: 0.7968399029814733, 9: 0.22193827479384348, 10: 0.6440149080760748, 11: 0.2950424318958384, 12: 0.7330254292565185, 13: 0.656634833820973, 14: 0.6593709757305597, 15: 0.6793142839701642, 16: 0.46621613694950836, 17: 0.7656063800092787, 18: 0.33328134044948826, 19: 0.6490537932772559, 20: 0.3367581795601222}}
2022-07-28 12:26:16,099 - dist_train_voc.py - INFO: Iter: 10200; Elasped: 3:01:36; ETA: 2:54:28; LR: 2.940e-05; cls_loss: 0.0445, aff_loss: 0.0831, pseudo_seg_loss 0.1388, pseudo_seg_mAcc: 0.7295
2022-07-28 12:29:26,182 - dist_train_voc.py - INFO: Iter: 10400; Elasped: 3:04:46; ETA: 2:50:33; LR: 2.880e-05; cls_loss: 0.0481, aff_loss: 0.0898, pseudo_seg_loss 0.1661, pseudo_seg_mAcc: 0.8222
2022-07-28 12:32:37,509 - dist_train_voc.py - INFO: Iter: 10600; Elasped: 3:07:57; ETA: 2:46:40; LR: 2.820e-05; cls_loss: 0.0489, aff_loss: 0.0910, pseudo_seg_loss 0.1518, pseudo_seg_mAcc: 0.5404
2022-07-28 12:35:45,506 - dist_train_voc.py - INFO: Iter: 10800; Elasped: 3:11:05; ETA: 2:42:46; LR: 2.760e-05; cls_loss: 0.0412, aff_loss: 0.0793, pseudo_seg_loss 0.1492, pseudo_seg_mAcc: 0.6059
2022-07-28 12:38:53,393 - dist_train_voc.py - INFO: Iter: 11000; Elasped: 3:14:13; ETA: 2:38:54; LR: 2.700e-05; cls_loss: 0.0429, aff_loss: 0.0824, pseudo_seg_loss 0.1453, pseudo_seg_mAcc: 0.9159
2022-07-28 12:42:05,587 - dist_train_voc.py - INFO: Iter: 11200; Elasped: 3:17:25; ETA: 2:35:06; LR: 2.640e-05; cls_loss: 0.0362, aff_loss: 0.0832, pseudo_seg_loss 0.1498, pseudo_seg_mAcc: 0.8096
2022-07-28 12:45:17,124 - dist_train_voc.py - INFO: Iter: 11400; Elasped: 3:20:37; ETA: 2:31:20; LR: 2.580e-05; cls_loss: 0.0461, aff_loss: 0.0859, pseudo_seg_loss 0.1373, pseudo_seg_mAcc: 0.7108
2022-07-28 12:48:28,362 - dist_train_voc.py - INFO: Iter: 11600; Elasped: 3:23:48; ETA: 2:27:34; LR: 2.520e-05; cls_loss: 0.0389, aff_loss: 0.0911, pseudo_seg_loss 0.1558, pseudo_seg_mAcc: 0.4983
2022-07-28 12:51:36,958 - dist_train_voc.py - INFO: Iter: 11800; Elasped: 3:26:57; ETA: 2:23:48; LR: 2.460e-05; cls_loss: 0.0406, aff_loss: 0.0828, pseudo_seg_loss 0.1337, pseudo_seg_mAcc: 0.7486
2022-07-28 12:54:47,658 - dist_train_voc.py - INFO: Iter: 12000; Elasped: 3:30:07; ETA: 2:20:04; LR: 2.400e-05; cls_loss: 0.0356, aff_loss: 0.0864, pseudo_seg_loss 0.1359, pseudo_seg_mAcc: 0.3987
2022-07-28 12:54:54,821 - dist_train_voc.py - INFO: Validating...
2022-07-28 12:59:09,054 - dist_train_voc.py - INFO: val cls score: 0.901172
2022-07-28 12:59:09,055 - dist_train_voc.py - INFO: cams score:
2022-07-28 12:59:09,055 - dist_train_voc.py - INFO: {'pAcc': 0.892596661486002, 'mAcc': 0.7271919102637412, 'miou': 0.6153626728422259, 'iou': {0: 0.8742498996247791, 1: 0.7120421953655356, 2: 0.32608184886718766, 3: 0.689042018964517, 4: 0.5592933769384746, 5: 0.5624441039918499, 6: 0.695670607426703, 7: 0.5491858801643911, 8: 0.7933626094856948, 9: 0.31991699747580915, 10: 0.7347603748300342, 11: 0.38464566519988325, 12: 0.7813734979026683, 13: 0.7183867542847872, 14: 0.6324561347451296, 15: 0.6832351116419275, 16: 0.48711645414032373, 17: 0.7701407823080186, 18: 0.4829145731185641, 19: 0.6753868932446527, 20: 0.49091034996581395}}
2022-07-28 12:59:09,055 - dist_train_voc.py - INFO: aff cams score:
2022-07-28 12:59:09,055 - dist_train_voc.py - INFO: {'pAcc': 0.8987157158867044, 'mAcc': 0.7525981753679941, 'miou': 0.6347422538125687, 'iou': {0: 0.8823876678698098, 1: 0.713032250627927, 2: 0.3278970125166106, 3: 0.7057322413863489, 4: 0.6165644736115893, 5: 0.5415431603963965, 6: 0.7390696322025778, 7: 0.5573382209092376, 8: 0.8050732620194126, 9: 0.32453338826110084, 10: 0.7912331697364928, 11: 0.46728468849633725, 12: 0.785605635543295, 13: 0.7425380821259648, 14: 0.6481564149890544, 15: 0.6986188992152605, 16: 0.5065688079352748, 17: 0.7941451615479136, 18: 0.570476144869361, 19: 0.6582501565380249, 20: 0.4535388592659567}}
2022-07-28 12:59:09,055 - dist_train_voc.py - INFO: segs score:
2022-07-28 12:59:09,055 - dist_train_voc.py - INFO: {'pAcc': 0.8957317868635147, 'mAcc': 0.6994290896102114, 'miou': 0.6009401830587235, 'iou': {0: 0.8851511039293385, 1: 0.7573787830798043, 2: 0.3364478361893074, 3: 0.7373111251895855, 4: 0.5730378938049434, 5: 0.4399634875468521, 6: 0.742135879828807, 7: 0.5593140284976146, 8: 0.8153808009884329, 9: 0.23231023971387865, 10: 0.6938533366896082, 11: 0.3380640081147154, 12: 0.7564400972653665, 13: 0.7265874924970799, 14: 0.6323607902025284, 15: 0.702155308944209, 16: 0.4719255368787627, 17: 0.776948043142183, 18: 0.3754712527813531, 19: 0.6549474714033338, 20: 0.412559327545491}}
2022-07-28 13:02:07,611 - dist_train_voc.py - INFO: Iter: 12200; Elasped: 3:37:27; ETA: 2:19:01; LR: 2.340e-05; cls_loss: 0.0380, aff_loss: 0.0904, pseudo_seg_loss 0.1505, pseudo_seg_mAcc: 0.5520
2022-07-28 13:05:16,820 - dist_train_voc.py - INFO: Iter: 12400; Elasped: 3:40:36; ETA: 2:15:12; LR: 2.280e-05; cls_loss: 0.0387, aff_loss: 0.0816, pseudo_seg_loss 0.1445, pseudo_seg_mAcc: 0.7563
2022-07-28 13:08:24,172 - dist_train_voc.py - INFO: Iter: 12600; Elasped: 3:43:44; ETA: 2:11:23; LR: 2.220e-05; cls_loss: 0.0409, aff_loss: 0.0938, pseudo_seg_loss 0.1356, pseudo_seg_mAcc: 0.8834
2022-07-28 13:11:34,065 - dist_train_voc.py - INFO: Iter: 12800; Elasped: 3:46:54; ETA: 2:07:37; LR: 2.160e-05; cls_loss: 0.0397, aff_loss: 0.0819, pseudo_seg_loss 0.1333, pseudo_seg_mAcc: 0.6119
2022-07-28 13:14:44,969 - dist_train_voc.py - INFO: Iter: 13000; Elasped: 3:50:05; ETA: 2:03:53; LR: 2.100e-05; cls_loss: 0.0432, aff_loss: 0.0839, pseudo_seg_loss 0.1348, pseudo_seg_mAcc: 0.5077
2022-07-28 13:17:53,396 - dist_train_voc.py - INFO: Iter: 13200; Elasped: 3:53:13; ETA: 2:00:08; LR: 2.040e-05; cls_loss: 0.0350, aff_loss: 0.0791, pseudo_seg_loss 0.1218, pseudo_seg_mAcc: 0.4402
2022-07-28 13:21:03,262 - dist_train_voc.py - INFO: Iter: 13400; Elasped: 3:56:23; ETA: 1:56:25; LR: 1.980e-05; cls_loss: 0.0363, aff_loss: 0.0841, pseudo_seg_loss 0.1453, pseudo_seg_mAcc: 0.6254
2022-07-28 13:24:12,393 - dist_train_voc.py - INFO: Iter: 13600; Elasped: 3:59:32; ETA: 1:52:43; LR: 1.920e-05; cls_loss: 0.0383, aff_loss: 0.0819, pseudo_seg_loss 0.1283, pseudo_seg_mAcc: 0.7016
2022-07-28 13:27:21,878 - dist_train_voc.py - INFO: Iter: 13800; Elasped: 4:02:41; ETA: 1:49:01; LR: 1.860e-05; cls_loss: 0.0322, aff_loss: 0.0795, pseudo_seg_loss 0.1346, pseudo_seg_mAcc: 0.2528
2022-07-28 13:30:27,936 - dist_train_voc.py - INFO: Iter: 14000; Elasped: 4:05:47; ETA: 1:45:20; LR: 1.800e-05; cls_loss: 0.0357, aff_loss: 0.0815, pseudo_seg_loss 0.1276, pseudo_seg_mAcc: 0.7054
2022-07-28 13:30:37,389 - dist_train_voc.py - INFO: Validating...
2022-07-28 13:34:53,496 - dist_train_voc.py - INFO: val cls score: 0.907377
2022-07-28 13:34:53,496 - dist_train_voc.py - INFO: cams score:
2022-07-28 13:34:53,497 - dist_train_voc.py - INFO: {'pAcc': 0.8990443411179065, 'mAcc': 0.7565615799319373, 'miou': 0.634362335118194, 'iou': {0: 0.8806170002996021, 1: 0.7248157628013421, 2: 0.33100030007854514, 3: 0.6636617204761682, 4: 0.6035313457026782, 5: 0.5978153549878382, 6: 0.7341992523070971, 7: 0.5761809600510382, 8: 0.7934441170471521, 9: 0.3445781017056068, 10: 0.8133274782187474, 11: 0.361368945679135, 12: 0.7909253103877257, 13: 0.77616544179623, 14: 0.6529970455122067, 15: 0.715201694716649, 16: 0.4880171459144695, 17: 0.7757401772646647, 18: 0.5134885490998349, 19: 0.6893607677366107, 20: 0.4951725656987324}}
2022-07-28 13:34:53,497 - dist_train_voc.py - INFO: aff cams score:
2022-07-28 13:34:53,497 - dist_train_voc.py - INFO: {'pAcc': 0.9030039125374539, 'mAcc': 0.7768051829645872, 'miou': 0.6469654554851978, 'iou': {0: 0.8865782299245807, 1: 0.7183155129167506, 2: 0.3306802252764115, 3: 0.6699135620509677, 4: 0.6516617723708251, 5: 0.5792129097304953, 6: 0.772424419535938, 7: 0.5945653352035449, 8: 0.7964163643523062, 9: 0.36345838330279767, 10: 0.8414058485594685, 11: 0.4512243793732156, 12: 0.7793383694870571, 13: 0.7937075578552873, 14: 0.6621780298548453, 15: 0.7206297182446642, 16: 0.500138004784991, 17: 0.7731705382960425, 18: 0.5907357729876713, 19: 0.6789488296891788, 20: 0.43157080139211335}}
2022-07-28 13:34:53,497 - dist_train_voc.py - INFO: segs score:
2022-07-28 13:34:53,497 - dist_train_voc.py - INFO: {'pAcc': 0.9026636125269883, 'mAcc': 0.7202395828679878, 'miou': 0.6186700314982431, 'iou': {0: 0.8919780337874995, 1: 0.7641136007003044, 2: 0.34520847571769536, 3: 0.7402500683220601, 4: 0.6140705773566827, 5: 0.5661530343202307, 6: 0.7601691758591056, 7: 0.5741322317789771, 8: 0.8218905368435909, 9: 0.245255995628958, 10: 0.7406310270357667, 11: 0.3003143415952036, 12: 0.7790637704719404, 13: 0.7352437014155566, 14: 0.6370087043679561, 15: 0.7239702129938608, 16: 0.4714415513169293, 17: 0.7615047699913404, 18: 0.38858542752212716, 19: 0.6806022986406379, 20: 0.45048312579668354}}
2022-07-28 13:37:52,668 - dist_train_voc.py - INFO: Iter: 14200; Elasped: 4:13:12; ETA: 1:43:25; LR: 1.740e-05; cls_loss: 0.0409, aff_loss: 0.0859, pseudo_seg_loss 0.1441, pseudo_seg_mAcc: 0.5434
2022-07-28 13:41:01,681 - dist_train_voc.py - INFO: Iter: 14400; Elasped: 4:16:21; ETA: 1:39:41; LR: 1.680e-05; cls_loss: 0.0368, aff_loss: 0.0861, pseudo_seg_loss 0.1380, pseudo_seg_mAcc: 0.5076
2022-07-28 13:44:11,950 - dist_train_voc.py - INFO: Iter: 14600; Elasped: 4:19:31; ETA: 1:35:59; LR: 1.620e-05; cls_loss: 0.0370, aff_loss: 0.0780, pseudo_seg_loss 0.1298, pseudo_seg_mAcc: 0.8438
2022-07-28 13:47:22,949 - dist_train_voc.py - INFO: Iter: 14800; Elasped: 4:22:42; ETA: 1:32:18; LR: 1.560e-05; cls_loss: 0.0328, aff_loss: 0.0797, pseudo_seg_loss 0.1212, pseudo_seg_mAcc: 0.8034
2022-07-28 13:50:32,988 - dist_train_voc.py - INFO: Iter: 15000; Elasped: 4:25:53; ETA: 1:28:37; LR: 1.500e-05; cls_loss: 0.0280, aff_loss: 0.0808, pseudo_seg_loss 0.1366, pseudo_seg_mAcc: 0.7088
2022-07-28 13:53:45,146 - dist_train_voc.py - INFO: Iter: 15200; Elasped: 4:29:05; ETA: 1:24:58; LR: 1.440e-05; cls_loss: 0.0301, aff_loss: 0.0785, pseudo_seg_loss 0.1203, pseudo_seg_mAcc: 0.7804
2022-07-28 13:56:55,776 - dist_train_voc.py - INFO: Iter: 15400; Elasped: 4:32:15; ETA: 1:21:19; LR: 1.380e-05; cls_loss: 0.0309, aff_loss: 0.0757, pseudo_seg_loss 0.1242, pseudo_seg_mAcc: 0.7546
2022-07-28 14:00:05,571 - dist_train_voc.py - INFO: Iter: 15600; Elasped: 4:35:25; ETA: 1:17:40; LR: 1.320e-05; cls_loss: 0.0378, aff_loss: 0.0869, pseudo_seg_loss 0.1407, pseudo_seg_mAcc: 0.2868
2022-07-28 14:03:11,880 - dist_train_voc.py - INFO: Iter: 15800; Elasped: 4:38:31; ETA: 1:14:02; LR: 1.260e-05; cls_loss: 0.0311, aff_loss: 0.0843, pseudo_seg_loss 0.1368, pseudo_seg_mAcc: 0.7232
2022-07-28 14:06:23,055 - dist_train_voc.py - INFO: Iter: 16000; Elasped: 4:41:43; ETA: 1:10:25; LR: 1.200e-05; cls_loss: 0.0352, aff_loss: 0.0807, pseudo_seg_loss 0.1274, pseudo_seg_mAcc: 0.6721
2022-07-28 14:06:32,888 - dist_train_voc.py - INFO: Validating...
2022-07-28 14:10:49,228 - dist_train_voc.py - INFO: val cls score: 0.904306
2022-07-28 14:10:49,229 - dist_train_voc.py - INFO: cams score:
2022-07-28 14:10:49,229 - dist_train_voc.py - INFO: {'pAcc': 0.8965718891153068, 'mAcc': 0.7588099004691484, 'miou': 0.6324093814286162, 'iou': {0: 0.8779871779035289, 1: 0.7281790613437986, 2: 0.3240466269713688, 3: 0.6707797670985504, 4: 0.6210155742486616, 5: 0.6038273901754312, 6: 0.7030928947548082, 7: 0.590986903828606, 8: 0.7831497385731542, 9: 0.32477308646949743, 10: 0.8147846965959128, 11: 0.3729597952951383, 12: 0.7772566293781282, 13: 0.7826912196750075, 14: 0.6365567803177198, 15: 0.6952121869073551, 16: 0.49005331121324364, 17: 0.7835414117660008, 18: 0.5251295944652306, 19: 0.6862334934755033, 20: 0.4883396695442958}}
2022-07-28 14:10:49,230 - dist_train_voc.py - INFO: aff cams score:
2022-07-28 14:10:49,230 - dist_train_voc.py - INFO: {'pAcc': 0.9002841912418355, 'mAcc': 0.7780159665767039, 'miou': 0.6443036140053909, 'iou': {0: 0.8837368292934664, 1: 0.7245042347131019, 2: 0.3214949637444841, 3: 0.677658651347782, 4: 0.650661170956388, 5: 0.582999435843918, 6: 0.7448848894449567, 7: 0.6012128903966879, 8: 0.7786212422522035, 9: 0.33814153926554075, 10: 0.8452610121961412, 11: 0.44563512890347334, 12: 0.7750136525719699, 13: 0.7952835758475634, 14: 0.6589244919166384, 15: 0.6996124934399645, 16: 0.5027521293667448, 17: 0.7999541625605882, 18: 0.6004878574305827, 19: 0.6675514103533076, 20: 0.4359841322677062}}
2022-07-28 14:10:49,230 - dist_train_voc.py - INFO: segs score:
2022-07-28 14:10:49,230 - dist_train_voc.py - INFO: {'pAcc': 0.8999323307906231, 'mAcc': 0.7368088040173505, 'miou': 0.6197308598538129, 'iou': {0: 0.8889895282358355, 1: 0.7703628458857303, 2: 0.3323932161637107, 3: 0.7185528475771537, 4: 0.6318941306031689, 5: 0.5717002397907016, 6: 0.7467814979678731, 7: 0.5812730117180149, 8: 0.8001547411796203, 9: 0.2175217971556402, 10: 0.7818678350341738, 11: 0.3272175267916101, 12: 0.7822151638126335, 13: 0.7409367440201, 14: 0.6378623927251117, 15: 0.708931059684868, 16: 0.4869020208762001, 17: 0.7650983486722538, 18: 0.4142100954763908, 19: 0.6853611106567957, 20: 0.4241219029024828}}
2022-07-28 14:13:49,455 - dist_train_voc.py - INFO: Iter: 16200; Elasped: 4:49:09; ETA: 1:07:49; LR: 1.140e-05; cls_loss: 0.0338, aff_loss: 0.0822, pseudo_seg_loss 0.1287, pseudo_seg_mAcc: 0.6349
2022-07-28 14:16:58,583 - dist_train_voc.py - INFO: Iter: 16400; Elasped: 4:52:18; ETA: 1:04:09; LR: 1.080e-05; cls_loss: 0.0291, aff_loss: 0.0813, pseudo_seg_loss 0.1299, pseudo_seg_mAcc: 0.8900
2022-07-28 14:20:09,553 - dist_train_voc.py - INFO: Iter: 16600; Elasped: 4:55:29; ETA: 1:00:31; LR: 1.020e-05; cls_loss: 0.0322, aff_loss: 0.0820, pseudo_seg_loss 0.1128, pseudo_seg_mAcc: 0.8388
2022-07-28 14:23:20,812 - dist_train_voc.py - INFO: Iter: 16800; Elasped: 4:58:40; ETA: 0:56:53; LR: 9.603e-06; cls_loss: 0.0273, aff_loss: 0.0812, pseudo_seg_loss 0.1298, pseudo_seg_mAcc: 0.3628
2022-07-28 14:26:26,444 - dist_train_voc.py - INFO: Iter: 17000; Elasped: 5:01:46; ETA: 0:53:15; LR: 9.003e-06; cls_loss: 0.0305, aff_loss: 0.0755, pseudo_seg_loss 0.1089, pseudo_seg_mAcc: 0.3945
2022-07-28 14:29:33,018 - dist_train_voc.py - INFO: Iter: 17200; Elasped: 5:04:53; ETA: 0:49:37; LR: 8.403e-06; cls_loss: 0.0343, aff_loss: 0.0808, pseudo_seg_loss 0.1193, pseudo_seg_mAcc: 0.8740
2022-07-28 14:32:42,551 - dist_train_voc.py - INFO: Iter: 17400; Elasped: 5:08:02; ETA: 0:46:01; LR: 7.803e-06; cls_loss: 0.0354, aff_loss: 0.0824, pseudo_seg_loss 0.1312, pseudo_seg_mAcc: 0.7509
2022-07-28 14:35:54,038 - dist_train_voc.py - INFO: Iter: 17600; Elasped: 5:11:14; ETA: 0:42:26; LR: 7.203e-06; cls_loss: 0.0313, aff_loss: 0.0776, pseudo_seg_loss 0.1521, pseudo_seg_mAcc: 0.6005
2022-07-28 14:39:03,381 - dist_train_voc.py - INFO: Iter: 17800; Elasped: 5:14:23; ETA: 0:38:51; LR: 6.603e-06; cls_loss: 0.0300, aff_loss: 0.0841, pseudo_seg_loss 0.1422, pseudo_seg_mAcc: 0.5918
2022-07-28 14:42:10,339 - dist_train_voc.py - INFO: Iter: 18000; Elasped: 5:17:30; ETA: 0:35:16; LR: 6.003e-06; cls_loss: 0.0278, aff_loss: 0.0840, pseudo_seg_loss 0.1190, pseudo_seg_mAcc: 0.3676
2022-07-28 14:42:19,882 - dist_train_voc.py - INFO: Validating...
2022-07-28 14:46:42,810 - dist_train_voc.py - INFO: val cls score: 0.903978
2022-07-28 14:46:42,811 - dist_train_voc.py - INFO: cams score:
2022-07-28 14:46:42,811 - dist_train_voc.py - INFO: {'pAcc': 0.8965474696749446, 'mAcc': 0.7515190689654832, 'miou': 0.6279483956204059, 'iou': {0: 0.8778546107496213, 1: 0.7265342943988614, 2: 0.327393192674706, 3: 0.6698007965388205, 4: 0.5963252899622803, 5: 0.6041830259462906, 6: 0.7215670431765655, 7: 0.5840296125662204, 8: 0.7859426710562201, 9: 0.3328809812856668, 10: 0.8245362802273271, 11: 0.30662214372802404, 12: 0.7798196187238566, 13: 0.765049935486705, 14: 0.6372736373047913, 15: 0.7005686707454839, 16: 0.48611598730358896, 17: 0.7840458751799128, 18: 0.5081995793997476, 19: 0.6789150639062266, 20: 0.48925799766760913}}
2022-07-28 14:46:42,811 - dist_train_voc.py - INFO: aff cams score:
2022-07-28 14:46:42,811 - dist_train_voc.py - INFO: {'pAcc': 0.9007478012590933, 'mAcc': 0.7649542744097675, 'miou': 0.6387980506627774, 'iou': {0: 0.8841181383747855, 1: 0.7212442191423376, 2: 0.3244995566393261, 3: 0.6724380988429277, 4: 0.6341147545457477, 5: 0.574281845396201, 6: 0.7552976949527228, 7: 0.5813701347188751, 8: 0.7864997804424235, 9: 0.34221808312562346, 10: 0.8440853006872963, 11: 0.3696020476488194, 12: 0.7887183472482254, 13: 0.7758109318672122, 14: 0.6544363286716922, 15: 0.7066568187290608, 16: 0.48981699693146863, 17: 0.809935197207927, 18: 0.584436671343655, 19: 0.6579065783969754, 20: 0.45727153900502077}}
2022-07-28 14:46:42,811 - dist_train_voc.py - INFO: segs score:
2022-07-28 14:46:42,811 - dist_train_voc.py - INFO: {'pAcc': 0.9002720101062834, 'mAcc': 0.73372203854738, 'miou': 0.618770874008252, 'iou': {0: 0.8887744088033007, 1: 0.7703996648890933, 2: 0.3330321632345784, 3: 0.7318208752438092, 4: 0.6133806499716514, 5: 0.59331602077507, 6: 0.7620431730834136, 7: 0.5686010360229279, 8: 0.8153464728076956, 9: 0.24526030580548489, 10: 0.7764107247660071, 11: 0.26892995483304905, 12: 0.7830806413233101, 13: 0.7388693575473211, 14: 0.6505823184523546, 15: 0.710870587561857, 16: 0.480282181406822, 17: 0.776774242075642, 18: 0.403409244438338, 19: 0.6653077801009687, 20: 0.417696551030597}}
2022-07-28 14:49:39,421 - dist_train_voc.py - INFO: Iter: 18200; Elasped: 5:24:59; ETA: 0:32:08; LR: 5.403e-06; cls_loss: 0.0264, aff_loss: 0.0785, pseudo_seg_loss 0.1281, pseudo_seg_mAcc: 0.9322
2022-07-28 14:52:48,264 - dist_train_voc.py - INFO: Iter: 18400; Elasped: 5:28:08; ETA: 0:28:32; LR: 4.803e-06; cls_loss: 0.0348, aff_loss: 0.0829, pseudo_seg_loss 0.1251, pseudo_seg_mAcc: 0.4347
2022-07-28 14:55:54,197 - dist_train_voc.py - INFO: Iter: 18600; Elasped: 5:31:14; ETA: 0:24:55; LR: 4.203e-06; cls_loss: 0.0266, aff_loss: 0.0836, pseudo_seg_loss 0.1288, pseudo_seg_mAcc: 0.9221
2022-07-28 14:59:01,866 - dist_train_voc.py - INFO: Iter: 18800; Elasped: 5:34:21; ETA: 0:21:20; LR: 3.603e-06; cls_loss: 0.0278, aff_loss: 0.0826, pseudo_seg_loss 0.1331, pseudo_seg_mAcc: 0.6176
2022-07-28 15:02:08,961 - dist_train_voc.py - INFO: Iter: 19000; Elasped: 5:37:28; ETA: 0:17:45; LR: 3.003e-06; cls_loss: 0.0279, aff_loss: 0.0812, pseudo_seg_loss 0.1249, pseudo_seg_mAcc: 0.6540
2022-07-28 15:05:17,166 - dist_train_voc.py - INFO: Iter: 19200; Elasped: 5:40:37; ETA: 0:14:11; LR: 2.403e-06; cls_loss: 0.0234, aff_loss: 0.0836, pseudo_seg_loss 0.1279, pseudo_seg_mAcc: 0.7658
2022-07-28 15:08:24,096 - dist_train_voc.py - INFO: Iter: 19400; Elasped: 5:43:44; ETA: 0:10:37; LR: 1.803e-06; cls_loss: 0.0260, aff_loss: 0.0775, pseudo_seg_loss 0.1172, pseudo_seg_mAcc: 0.5462
2022-07-28 15:11:29,641 - dist_train_voc.py - INFO: Iter: 19600; Elasped: 5:46:49; ETA: 0:07:04; LR: 1.203e-06; cls_loss: 0.0261, aff_loss: 0.0817, pseudo_seg_loss 0.1190, pseudo_seg_mAcc: 0.5699
2022-07-28 15:14:34,910 - dist_train_voc.py - INFO: Iter: 19800; Elasped: 5:49:54; ETA: 0:03:32; LR: 6.030e-07; cls_loss: 0.0271, aff_loss: 0.0796, pseudo_seg_loss 0.1223, pseudo_seg_mAcc: 0.8588
2022-07-28 15:17:45,392 - dist_train_voc.py - INFO: Iter: 20000; Elasped: 5:53:05; ETA: 0:00:00; LR: 3.000e-09; cls_loss: 0.0258, aff_loss: 0.0776, pseudo_seg_loss 0.1200, pseudo_seg_mAcc: 0.5140
2022-07-28 15:17:54,145 - dist_train_voc.py - INFO: Validating...
2022-07-28 15:22:17,331 - dist_train_voc.py - INFO: val cls score: 0.907880
2022-07-28 15:22:17,332 - dist_train_voc.py - INFO: cams score:
2022-07-28 15:22:17,333 - dist_train_voc.py - INFO: {'pAcc': 0.8967169724425023, 'mAcc': 0.7506781079909723, 'miou': 0.6285100339512909, 'iou': {0: 0.877836117062817, 1: 0.7263162164720306, 2: 0.3291045476540665, 3: 0.6599177585726234, 4: 0.5910470386998934, 5: 0.6042521699964526, 6: 0.7214374375653259, 7: 0.5810843918943759, 8: 0.7844693168570627, 9: 0.33158889966768623, 10: 0.8241835041926412, 11: 0.3295610468849945, 12: 0.7812864813766147, 13: 0.7734253235767222, 14: 0.6336528254249306, 15: 0.6998768413415659, 16: 0.48776504762304873, 17: 0.7835449181449701, 18: 0.4943543719285252, 19: 0.6800921608961416, 20: 0.5039142971446215}}
2022-07-28 15:22:17,333 - dist_train_voc.py - INFO: aff cams score:
2022-07-28 15:22:17,333 - dist_train_voc.py - INFO: {'pAcc': 0.9008337429885018, 'mAcc': 0.7656892132116537, 'miou': 0.6396984363402168, 'iou': {0: 0.8839425309588312, 1: 0.7223028469021412, 2: 0.32429448583131454, 3: 0.6604961573390081, 4: 0.6278992325260668, 5: 0.5777016551007113, 6: 0.7618530818953173, 7: 0.5845025702233506, 8: 0.7837759862283611, 9: 0.3419838112944811, 10: 0.8456402865703416, 11: 0.3987680948646164, 12: 0.7892455079431263, 13: 0.7943647529364707, 14: 0.6555653026886146, 15: 0.7067721072160226, 16: 0.492579312040067, 17: 0.8069048569306327, 18: 0.5608400986417986, 19: 0.6521485593671233, 20: 0.46208592564615425}}
2022-07-28 15:22:17,333 - dist_train_voc.py - INFO: segs score:
2022-07-28 15:22:17,333 - dist_train_voc.py - INFO: {'pAcc': 0.900103270956677, 'mAcc': 0.7137694531586385, 'miou': 0.6120512584442297, 'iou': {0: 0.8883180127821471, 1: 0.7593751660226782, 2: 0.3364037729281263, 3: 0.7278292038643149, 4: 0.5996276834784038, 5: 0.5638433711755007, 6: 0.759043428994613, 7: 0.5436342596623933, 8: 0.8195044359617091, 9: 0.22828948420509954, 10: 0.7581735453786191, 11: 0.2707164523132025, 12: 0.7808706170834376, 13: 0.7293078765291853, 14: 0.6311880470797344, 15: 0.7104912463509233, 16: 0.48070940911791343, 17: 0.788010195421547, 18: 0.3885336683333787, 19: 0.6627786078877358, 20: 0.4264279427581573}}
